[debug] > Exec(early(addDefaultCommands), None, None)
[debug] > Exec(addDefaultCommands, None, None)
[debug] > Exec(early(initialize), None, None)
[debug] > Exec(initialize, None, None)
[debug] > Exec(early(addPluginSbtFile="""C:\Users\Sagar.Nalawade\AppData\Local\Temp\idea.sbt"""), None, None)
[debug] > Exec(addPluginSbtFile="""C:\Users\Sagar.Nalawade\AppData\Local\Temp\idea.sbt""", None, None)
[debug] > Exec(boot, None, None)
[debug] > Exec(writeSbtVersion, None, None)
[debug] > Exec(reload, None, None)
[debug] > Exec(sbtStashOnFailure, None, None)
[debug] > Exec(onFailure loadFailed, None, None)
[debug] > Exec(loadp, None, None)
[info] welcome to sbt 1.10.1 (Oracle Corporation Java 1.8.0_202)
[debug] Load.defaultLoad until apply took 232.5638ms
[debug]           Load.loadUnit: plugins took 516.9959ms
[debug]           Load.loadUnit: defsScala took 0.9146ms
[debug] [Loading] Scanning directory C:\Users\Sagar.Nalawade\IdeaProjects\scala-beginners\project
[debug]             Load.loadUnit: mkEval took 21.7414ms
[debug] [Loading] Found non-root projects 
[debug] [Loading] Done in C:\Users\Sagar.Nalawade\IdeaProjects\scala-beginners\project, returning: ()
[debug] deducing auto plugins based on known facts Set(Atom(sbt.plugins.CorePlugin)) and clauses Clauses(Clause(Atom(sbt.plugins.JvmPlugin),Set(Atom(sbt.plugins.IvyPlugin)))
[debug] Clause(Atom(sbt.ScriptedPlugin),Set(Atom(sbt.plugins.JvmPlugin)))
[debug] Clause(Atom(sbt.plugins.SbtPlugin),Set(Atom(sbt.ScriptedPlugin)))
[debug] Clause(Atom(sbt.plugins.SemanticdbPlugin),Set(Atom(sbt.plugins.JvmPlugin)))
[debug] Clause(Atom(sbt.plugins.JUnitXmlReportPlugin),Set(Atom(sbt.plugins.JvmPlugin)))
[debug] Clause(Atom(sbt.plugins.MiniDependencyTreePlugin),Set(Atom(sbt.plugins.JvmPlugin)))
[debug] Clause(Atom(sbt.plugins.CorePlugin),Set(Atom(sbt.plugins.IvyPlugin)))
[debug] Clause(Atom(sbt.plugins.IvyPlugin),Set(Atom(sbt.plugins.JvmPlugin)))
[debug] Clause(Atom(sbt.plugins.JvmPlugin),Set(Atom(sbt.plugins.SemanticdbPlugin)))
[debug] Clause(Atom(sbt.plugins.JvmPlugin),Set(Atom(sbt.plugins.JUnitXmlReportPlugin)))
[debug] Clause(Atom(sbt.plugins.CorePlugin),Set(Atom(sbt.plugins.Giter8TemplatePlugin)))
[debug] Clause(Atom(sbt.plugins.JvmPlugin),Set(Atom(sbt.plugins.MiniDependencyTreePlugin))))
[debug]   :: deduced result: Matched(sbt.plugins.CorePlugin,sbt.plugins.Giter8TemplatePlugin,sbt.plugins.IvyPlugin,sbt.plugins.JvmPlugin,sbt.plugins.MiniDependencyTreePlugin,sbt.plugins.JUnitXmlReportPlugin,sbt.plugins.SemanticdbPlugin)
[debug] Plugins.deducer#function took 47.5155 ms
[info] loading settings for project scala-beginners-build from idea.sbt ...
[debug]               Load.resolveProject(scala-beginners-build) took 123.4882ms
[debug]             Load.loadTransitive: finalizeProject(Project(id scala-beginners-build, base: C:\Users\Sagar.Nalawade\IdeaProjects\scala-beginners\project, plugins: List(<none>))) took 193.4249ms
[debug] [Loading] Done in C:\Users\Sagar.Nalawade\IdeaProjects\scala-beginners\project, returning: (scala-beginners-build)
[debug]           Load.loadUnit: loadedProjectsRaw took 7842.232ms
[debug]           Load.loadUnit: cleanEvalClasses took 16.0524ms
[debug]         Load.loadUnit(file:/C:/Users/Sagar.Nalawade/IdeaProjects/scala-beginners/project/, ...) took 8392.471ms
[debug]       Load.apply: load took 8720.8048ms
[debug]       Load.apply: resolveProjects took 13.2642ms
[debug]       Load.apply: finalTransforms took 111.86ms
[debug]       Load.apply: config.delegates took 19.3545ms
[debug]       Load.apply: Def.make(settings)... took 917.5809ms
[debug]       Load.apply: structureIndex took 263.4339ms
[debug]       Load.apply: mkStreams took 3.2746ms
[info] loading project definition from C:\Users\Sagar.Nalawade\IdeaProjects\scala-beginners\project
[debug] Running task... Cancel: Signal, check cycles: false, forcegc: true
[debug]     Load.loadUnit: plugins took 14846.5428ms
[debug]     Load.loadUnit: defsScala took 0.006ms
[debug] [Loading] Scanning directory C:\Users\Sagar.Nalawade\IdeaProjects\scala-beginners
[debug]       Load.loadUnit: mkEval took 0.7261ms
[debug] [Loading] Found root project root w/ remaining 
[debug] deducing auto plugins based on known facts Set(Atom(sbt.plugins.CorePlugin)) and clauses Clauses(Clause(Atom(sbt.plugins.JvmPlugin),Set(Atom(sbt.plugins.IvyPlugin)))
[debug] Clause(Atom(sbt.ScriptedPlugin),Set(Atom(sbt.plugins.JvmPlugin)))
[debug] Clause(Atom(sbt.plugins.SbtPlugin),Set(Atom(sbt.ScriptedPlugin)))
[debug] Clause(Atom(sbt.plugins.SemanticdbPlugin),Set(Atom(sbt.plugins.JvmPlugin)))
[debug] Clause(Atom(sbt.plugins.JUnitXmlReportPlugin),Set(Atom(sbt.plugins.JvmPlugin)))
[debug] Clause(Atom(sbt.plugins.MiniDependencyTreePlugin),Set(Atom(sbt.plugins.JvmPlugin)))
[debug] Clause(Atom(org.jetbrains.sbt.StructurePlugin),Set(Atom(sbt.plugins.JvmPlugin)))
[debug] Clause(Atom(org.jetbrains.sbt.IdeaShellPlugin),Set(Atom(sbt.plugins.JvmPlugin)))
[debug] Clause(Atom(org.jetbrains.sbt.indices.SbtIntellijIndicesPlugin),Set(Atom(sbt.plugins.JvmPlugin)))
[debug] Clause(Atom(sbt.plugins.CorePlugin),Set(Atom(sbt.plugins.IvyPlugin)))
[debug] Clause(Atom(sbt.plugins.IvyPlugin),Set(Atom(sbt.plugins.JvmPlugin)))
[debug] Clause(Atom(sbt.plugins.JvmPlugin),Set(Atom(sbt.plugins.SemanticdbPlugin)))
[debug] Clause(Atom(sbt.plugins.JvmPlugin),Set(Atom(sbt.plugins.JUnitXmlReportPlugin)))
[debug] Clause(Atom(sbt.plugins.CorePlugin),Set(Atom(sbt.plugins.Giter8TemplatePlugin)))
[debug] Clause(Atom(sbt.plugins.JvmPlugin),Set(Atom(sbt.plugins.MiniDependencyTreePlugin)))
[debug] Clause(Atom(sbt.plugins.JvmPlugin),Set(Atom(org.jetbrains.sbt.StructurePlugin)))
[debug] Clause(Atom(sbt.plugins.JvmPlugin),Set(Atom(org.jetbrains.sbt.IdeaShellPlugin)))
[debug] Clause(And(Set(Atom(sbt.plugins.CorePlugin), Atom(sbt.plugins.JvmPlugin))),Set(Atom(org.jetbrains.sbt.indices.SbtIntellijIndicesPlugin))))
[debug]   :: deduced result: Matched(sbt.plugins.CorePlugin,sbt.plugins.Giter8TemplatePlugin,sbt.plugins.IvyPlugin,sbt.plugins.JvmPlugin,sbt.plugins.SemanticdbPlugin,org.jetbrains.sbt.indices.SbtIntellijIndicesPlugin,sbt.plugins.JUnitXmlReportPlugin,org.jetbrains.sbt.IdeaShellPlugin,org.jetbrains.sbt.StructurePlugin,sbt.plugins.MiniDependencyTreePlugin)
[debug] Plugins.deducer#function took 5.0075 ms
[info] loading settings for project root from build.sbt ...
[debug]         Load.resolveProject(root) took 78.0985ms
[debug]       Load.loadTransitive: finalizeProject(Project(id root, base: C:\Users\Sagar.Nalawade\IdeaProjects\scala-beginners, plugins: List(<none>))) took 86.9602ms
[debug] [Loading] Done in C:\Users\Sagar.Nalawade\IdeaProjects\scala-beginners, returning: (root)
[debug]     Load.loadUnit: loadedProjectsRaw took 3202.7852ms
[debug]     Load.loadUnit: cleanEvalClasses took 18.8152ms
[debug]   Load.loadUnit(file:/C:/Users/Sagar.Nalawade/IdeaProjects/scala-beginners/, ...) took 18071.2253ms
[debug] Load.apply: load took 18128.438ms
[debug] Load.apply: resolveProjects took 0.1783ms
[debug] Load.apply: finalTransforms took 218.2159ms
[debug] Load.apply: config.delegates took 0.5724ms
[debug] Load.apply: Def.make(settings)... took 398.3401ms
[debug] Load.apply: structureIndex took 101.2511ms
[debug] Load.apply: mkStreams took 0.0031ms
[info] set current project to scala-beginners (in build file:/C:/Users/Sagar.Nalawade/IdeaProjects/scala-beginners/)
[debug] > Exec(sbtPopOnFailure, None, None)
[debug] > Exec(resumeFromFailure, None, None)
[debug] > Exec(notifyUsersAboutShell, None, None)
[debug] > Exec(iflast shell, None, None)
[debug] > Exec(; set ideaPort in Global := 49810 ; idea-shell, None, None)
[debug] > Exec(set ideaPort in Global := 49810, None, None)
[info] Defining Global / ideaPort
[info] The new value will be used by Compile / compile, Test / compile
[debug] Defining 
[debug] 	Global / ideaPort
[debug] 
[debug] The new value will be used by 
[debug] 	Compile / compile
[debug] 	Test / compile
[info] Reapplying settings...
[info] set current project to scala-beginners (in build file:/C:/Users/Sagar.Nalawade/IdeaProjects/scala-beginners/)
[debug] > Exec(idea-shell, None, None)
